#
# A fatal error has been detected by the Java Runtime Environment:
#
#  EXCEPTION_ACCESS_VIOLATION (0xc0000005) at pc=0x00000000605925a4, pid=12660, tid=20268
#
# JRE version: Java(TM) SE Runtime Environment (7.0_45-b18) (build 1.7.0_45-b18)
# Java VM: Java HotSpot(TM) 64-Bit Server VM (24.45-b08 mixed mode windows-amd64 compressed oops)
# Problematic frame:
# C  [jdwp.dll+0x225a4]
#
# Failed to write core dump. Minidumps are not enabled by default on client versions of Windows
#
# If you would like to submit a bug report, please visit:
#   http://bugreport.sun.com/bugreport/crash.jsp
# The crash happened outside the Java Virtual Machine in native code.
# See problematic frame for where to report the bug.
#

---------------  T H R E A D  ---------------

Current thread (0x0000000010b66000):  JavaThread "JDWP Command Reader" daemon [_thread_in_native, id=20268, stack(0x0000000012cd0000,0x0000000012dd0000)]

siginfo: ExceptionCode=0xc0000005, reading address 0x0000000000000000

Registers:
RAX=0x000000006059f590, RBX=0x000000000000000c, RCX=0x0000000000000000, RDX=0x0000000000000028
RSP=0x0000000012dcf930, RBP=0x0000000060599338, RSI=0x0000000000000004, RDI=0x000000006f1133c0
R8 =0x0000000012dcf998, R9 =0x7eff06fdfd78ff6b, R10=0x81010101010100f8, R11=0x8101010101010100
R12=0x000000000234df50, R13=0x000000000234e328, R14=0x0000000000000000, R15=0x0000000060599328
RIP=0x00000000605925a4, EFLAGS=0x0000000000010206

Top of Stack: (sp=0x0000000012dcf930)
0x0000000012dcf930:   0000000000000000 0000000002506060
0x0000000012dcf940:   0000000000000348 0000000012dcfa68
0x0000000012dcf950:   0000000000000001 000000006f1123b8
0x0000000012dcf960:   0000000012dcf9b8 000007fefe7a36e7
0x0000000012dcf970:   0000000000000700 0000000060618d17
0x0000000012dcf980:   000000006f1133c0 000000006f11108e
0x0000000012dcf990:   000000000000000c 000007fefe7a3776
0x0000000012dcf9a0:   0000000000000004 0000000002506060
0x0000000012dcf9b0:   7075727265746e49 636e756620646574
0x0000000012dcf9c0:   6c6163206e6f6974 000007fefe7a006c
0x0000000012dcf9d0:   0000000060599328 0000000000000000
0x0000000012dcf9e0:   000000000234e328 0000000000000000
0x0000000012dcf9f0:   00000000000002e8 000007fefe791649
0x0000000012dcfa00:   00000000000002e8 0000000002506060
0x0000000012dcfa10:   0000000000000004 0000000012dcfa54
0x0000000012dcfa20:   0000000012dcfab8 0000000000000000 

Instructions: (pc=0x00000000605925a4)
0x0000000060592584:   83 ec 50 48 63 d1 85 c9 75 07 33 c0 e9 84 00 00
0x0000000060592594:   00 48 8b 05 3c d7 00 00 4c 8d 44 24 68 48 8b 08
0x00000000605925a4:   48 8b 01 ff 90 68 01 00 00 8b f8 85 c0 74 61 8b
0x00000000605925b4:   c8 e8 1a cd fe ff 48 8b d8 ff 15 65 4c 00 00 c7 


Register to memory mapping:

RAX=0x000000006059f590 is an unknown value
RBX=0x000000000000000c is an unknown value
RCX=0x0000000000000000 is an unknown value
RDX=0x0000000000000028 is an unknown value
RSP=0x0000000012dcf930 is pointing into the stack for thread: 0x0000000010b66000
RBP=0x0000000060599338 is an unknown value
RSI=0x0000000000000004 is an unknown value
RDI=0x000000006f1133c0 is an unknown value
R8 =0x0000000012dcf998 is pointing into the stack for thread: 0x0000000010b66000
R9 =0x7eff06fdfd78ff6b is an unknown value
R10=0x81010101010100f8 is an unknown value
R11=0x8101010101010100 is an unknown value
R12=0x000000000234df50 is an unknown value
R13=0x000000000234e328 is an unknown value
R14=0x0000000000000000 is an unknown value
R15=0x0000000060599328 is an unknown value


Stack: [0x0000000012cd0000,0x0000000012dd0000],  sp=0x0000000012dcf930,  free space=1022k
Native frames: (J=compiled Java code, j=interpreted, Vv=VM code, C=native code)
C  [jdwp.dll+0x225a4]


---------------  P R O C E S S  ---------------

Java Threads: ( => current thread )
  0x000000001404f000 JavaThread "resolver-4" daemon [_thread_blocked, id=23972, stack(0x0000000015e40000,0x0000000015f40000)]
  0x00000000139b5000 JavaThread "resolver-3" daemon [_thread_blocked, id=23820, stack(0x0000000015bc0000,0x0000000015cc0000)]
  0x0000000014cb0800 JavaThread "resolver-2" daemon [_thread_blocked, id=26264, stack(0x0000000015a30000,0x0000000015b30000)]
  0x0000000014087000 JavaThread "resolver-1" daemon [_thread_blocked, id=25028, stack(0x00000000158f0000,0x00000000159f0000)]
  0x0000000010b7f800 JavaThread "Service Thread" daemon [_thread_blocked, id=1336, stack(0x0000000013050000,0x0000000013150000)]
  0x0000000010b7b800 JavaThread "C2 CompilerThread1" daemon [_thread_blocked, id=25736, stack(0x0000000012910000,0x0000000012a10000)]
  0x0000000010b7a000 JavaThread "C2 CompilerThread0" daemon [_thread_blocked, id=10620, stack(0x0000000012e00000,0x0000000012f00000)]
=>0x0000000010b66000 JavaThread "JDWP Command Reader" daemon [_thread_in_native, id=20268, stack(0x0000000012cd0000,0x0000000012dd0000)]
  0x0000000010b61000 JavaThread "JDWP Event Helper Thread" daemon [_thread_blocked, id=23936, stack(0x0000000012ad0000,0x0000000012bd0000)]
  0x0000000010b55000 JavaThread "JDWP Transport Listener: dt_socket" daemon [_thread_blocked, id=24592, stack(0x0000000012810000,0x0000000012910000)]
  0x000000000faaf000 JavaThread "Attach Listener" daemon [_thread_blocked, id=14504, stack(0x0000000012270000,0x0000000012370000)]
  0x000000000faa9000 JavaThread "Signal Dispatcher" daemon [_thread_blocked, id=12784, stack(0x0000000011f90000,0x0000000012090000)]
  0x000000000fa8f000 JavaThread "Finalizer" daemon [_thread_blocked, id=7876, stack(0x0000000011e40000,0x0000000011f40000)]
  0x000000000fa8c000 JavaThread "Reference Handler" daemon [_thread_blocked, id=21716, stack(0x0000000011cb0000,0x0000000011db0000)]
  0x0000000002328000 JavaThread "main" [_thread_blocked, id=3740, stack(0x00000000026f0000,0x00000000027f0000)]

Other Threads:
  0x000000000fa8b000 VMThread [stack: 0x0000000011ad0000,0x0000000011bd0000] [id=7848]

VM state:at safepoint (normal execution)

VM Mutex/Monitor currently owned by a thread:  ([mutex/lock_event])
[0x00000000023fccb0] Threads_lock - owner thread: 0x000000000fa8b000

Heap
 PSYoungGen      total 1341440K, used 52734K [0x00000007ac600000, 0x00000007ffc00000, 0x0000000800000000)
  eden space 1319936K, 3% used [0x00000007ac600000,0x00000007af97f8e0,0x00000007fcf00000)
  from space 21504K, 0% used [0x00000007fe700000,0x00000007fe700000,0x00000007ffc00000)
  to   space 23040K, 0% used [0x00000007fcf00000,0x00000007fcf00000,0x00000007fe580000)
 ParOldGen       total 171008K, used 27127K [0x0000000705200000, 0x000000070f900000, 0x00000007ac600000)
  object space 171008K, 15% used [0x0000000705200000,0x0000000706c7de10,0x000000070f900000)
 PSPermGen       total 59392K, used 29666K [0x0000000700000000, 0x0000000703a00000, 0x0000000705200000)
  object space 59392K, 49% used [0x0000000700000000,0x0000000701cf8a30,0x0000000703a00000)

Card table byte_map: [0x00000000057f0000,0x0000000006000000] byte_map_base: 0x0000000001ff0000

Polling page: 0x0000000001c50000

Code Cache  [0x00000000027f0000, 0x0000000002b70000, 0x00000000057f0000)
 total_blobs=1328 nmethods=975 adapters=312 free_code_cache=45636Kb largest_free_block=46664064

Compilation events (10 events):
Event: 8.561 Thread 0x0000000010b7b800 nmethod 1043 0x0000000002b5c1d0 code [0x0000000002b5c320, 0x0000000002b5c648]
Event: 8.564 Thread 0x0000000010b7b800 1044             java.net.URI$Parser::at (20 bytes)
Event: 8.565 Thread 0x0000000010b7b800 nmethod 1044 0x0000000002b5e590 code [0x0000000002b5e6e0, 0x0000000002b5e898]
Event: 8.571 Thread 0x0000000010b7a000 nmethod 1042 0x0000000002b68e10 code [0x0000000002b692a0, 0x0000000002b6c648]
Event: 8.573 Thread 0x0000000010b7b800 1045             java.lang.Boolean::toString (12 bytes)
Event: 8.573 Thread 0x0000000010b7b800 nmethod 1045 0x0000000002b5e390 code [0x0000000002b5e4c0, 0x0000000002b5e518]
Event: 8.582 Thread 0x0000000010b7a000 1046             java.util.Arrays::fill (21 bytes)
Event: 8.702 Thread 0x0000000010b7a000 nmethod 1046 0x0000000002b562d0 code [0x0000000002b56420, 0x0000000002b56878]
Event: 8.705 Thread 0x0000000010b7b800 1047 % !         java.lang.ref.Reference$ReferenceHandler::run @ 0 (108 bytes)
Event: 8.705 Thread 0x0000000010b7a000 1048   !         java.util.zip.ZipFile$ZipFileInflaterInputStream::close (67 bytes)

GC Heap History (10 events):
Event: 6.735 GC heap before
{Heap before GC invocations=11 (full 0):
 PSYoungGen      total 846848K, used 823480K [0x00000007ac600000, 0x00000007e1a00000, 0x0000000800000000)
  eden space 822784K, 100% used [0x00000007ac600000,0x00000007de980000,0x00000007de980000)
  from space 24064K, 2% used [0x00000007e0180000,0x00000007e022e228,0x00000007e1900000)
  to   space 24576K, 0% used [0x00000007de980000,0x00000007de980000,0x00000007e0180000)
 ParOldGen       total 171008K, used 32579K [0x0000000705200000, 0x000000070f900000, 0x00000007ac600000)
  object space 171008K, 19% used [0x0000000705200000,0x00000007071d0d60,0x000000070f900000)
 PSPermGen       total 28672K, used 28545K [0x0000000700000000, 0x0000000701c00000, 0x0000000705200000)
  object space 28672K, 99% used [0x0000000700000000,0x0000000701be0738,0x0000000701c00000)
Event: 6.737 GC heap after
Heap after GC invocations=11 (full 0):
 PSYoungGen      total 847360K, used 459K [0x00000007ac600000, 0x00000007ffd00000, 0x0000000800000000)
  eden space 822784K, 0% used [0x00000007ac600000,0x00000007ac600000,0x00000007de980000)
  from space 24576K, 1% used [0x00000007de980000,0x00000007de9f2fc0,0x00000007e0180000)
  to   space 25088K, 0% used [0x00000007fe480000,0x00000007fe480000,0x00000007ffd00000)
 ParOldGen       total 171008K, used 33066K [0x0000000705200000, 0x000000070f900000, 0x00000007ac600000)
  object space 171008K, 19% used [0x0000000705200000,0x000000070724a878,0x000000070f900000)
 PSPermGen       total 28672K, used 28545K [0x0000000700000000, 0x0000000701c00000, 0x0000000705200000)
  object space 28672K, 99% used [0x0000000700000000,0x0000000701be0738,0x0000000701c00000)
}
Event: 6.878 GC heap before
{Heap before GC invocations=12 (full 0):
 PSYoungGen      total 847360K, used 823243K [0x00000007ac600000, 0x00000007ffd00000, 0x0000000800000000)
  eden space 822784K, 100% used [0x00000007ac600000,0x00000007de980000,0x00000007de980000)
  from space 24576K, 1% used [0x00000007de980000,0x00000007de9f2fc0,0x00000007e0180000)
  to   space 25088K, 0% used [0x00000007fe480000,0x00000007fe480000,0x00000007ffd00000)
 ParOldGen       total 171008K, used 33066K [0x0000000705200000, 0x000000070f900000, 0x00000007ac600000)
  object space 171008K, 19% used [0x0000000705200000,0x000000070724a878,0x000000070f900000)
 PSPermGen       total 28672K, used 28548K [0x0000000700000000, 0x0000000701c00000, 0x0000000705200000)
  object space 28672K, 99% used [0x0000000700000000,0x0000000701be11f8,0x0000000701c00000)
Event: 6.879 GC heap after
Heap after GC invocations=12 (full 0):
 PSYoungGen      total 1341952K, used 404K [0x00000007ac600000, 0x00000007ffd00000, 0x0000000800000000)
  eden space 1316864K, 0% used [0x00000007ac600000,0x00000007ac600000,0x00000007fcc00000)
  from space 25088K, 1% used [0x00000007fe480000,0x00000007fe4e52b8,0x00000007ffd00000)
  to   space 25088K, 0% used [0x00000007fcc00000,0x00000007fcc00000,0x00000007fe480000)
 ParOldGen       total 171008K, used 33184K [0x0000000705200000, 0x000000070f900000, 0x00000007ac600000)
  object space 171008K, 19% used [0x0000000705200000,0x00000007072683b0,0x000000070f900000)
 PSPermGen       total 28672K, used 28548K [0x0000000700000000, 0x0000000701c00000, 0x0000000705200000)
  object space 28672K, 99% used [0x0000000700000000,0x0000000701be11f8,0x0000000701c00000)
}
Event: 7.239 GC heap before
{Heap before GC invocations=13 (full 0):
 PSYoungGen      total 1341952K, used 1317268K [0x00000007ac600000, 0x00000007ffd00000, 0x0000000800000000)
  eden space 1316864K, 100% used [0x00000007ac600000,0x00000007fcc00000,0x00000007fcc00000)
  from space 25088K, 1% used [0x00000007fe480000,0x00000007fe4e52b8,0x00000007ffd00000)
  to   space 25088K, 0% used [0x00000007fcc00000,0x00000007fcc00000,0x00000007fe480000)
 ParOldGen       total 171008K, used 33184K [0x0000000705200000, 0x000000070f900000, 0x00000007ac600000)
  object space 171008K, 19% used [0x0000000705200000,0x00000007072683b0,0x000000070f900000)
 PSPermGen       total 28672K, used 28552K [0x0000000700000000, 0x0000000701c00000, 0x0000000705200000)
  object space 28672K, 99% used [0x0000000700000000,0x0000000701be21b8,0x0000000701c00000)
Event: 7.241 GC heap after
Heap after GC invocations=13 (full 0):
 PSYoungGen      total 1341952K, used 945K [0x00000007ac600000, 0x00000007fff00000, 0x0000000800000000)
  eden space 1316864K, 0% used [0x00000007ac600000,0x00000007ac600000,0x00000007fcc00000)
  from space 25088K, 3% used [0x00000007fcc00000,0x00000007fccec5b0,0x00000007fe480000)
  to   space 24576K, 0% used [0x00000007fe700000,0x00000007fe700000,0x00000007fff00000)
 ParOldGen       total 171008K, used 33271K [0x0000000705200000, 0x000000070f900000, 0x00000007ac600000)
  object space 171008K, 19% used [0x0000000705200000,0x000000070727de90,0x000000070f900000)
 PSPermGen       total 28672K, used 28552K [0x0000000700000000, 0x0000000701c00000, 0x0000000705200000)
  object space 28672K, 99% used [0x0000000700000000,0x0000000701be21b8,0x0000000701c00000)
}
Event: 8.583 GC heap before
{Heap before GC invocations=14 (full 0):
 PSYoungGen      total 1341952K, used 368871K [0x00000007ac600000, 0x00000007fff00000, 0x0000000800000000)
  eden space 1316864K, 27% used [0x00000007ac600000,0x00000007c2d4d660,0x00000007fcc00000)
  from space 25088K, 3% used [0x00000007fcc00000,0x00000007fccec5b0,0x00000007fe480000)
  to   space 24576K, 0% used [0x00000007fe700000,0x00000007fe700000,0x00000007fff00000)
 ParOldGen       total 171008K, used 33271K [0x0000000705200000, 0x000000070f900000, 0x00000007ac600000)
  object space 171008K, 19% used [0x0000000705200000,0x000000070727de90,0x000000070f900000)
 PSPermGen       total 30208K, used 29716K [0x0000000700000000, 0x0000000701d80000, 0x0000000705200000)
  object space 30208K, 98% used [0x0000000700000000,0x0000000701d05258,0x0000000701d80000)
Event: 8.590 GC heap after
Heap after GC invocations=14 (full 0):
 PSYoungGen      total 1341440K, used 6348K [0x00000007ac600000, 0x00000007ffc00000, 0x0000000800000000)
  eden space 1319936K, 0% used [0x00000007ac600000,0x00000007ac600000,0x00000007fcf00000)
  from space 21504K, 29% used [0x00000007fe700000,0x00000007fed33148,0x00000007ffc00000)
  to   space 23040K, 0% used [0x00000007fcf00000,0x00000007fcf00000,0x00000007fe580000)
 ParOldGen       total 171008K, used 33404K [0x0000000705200000, 0x000000070f900000, 0x00000007ac600000)
  object space 171008K, 19% used [0x0000000705200000,0x000000070729f1f0,0x000000070f900000)
 PSPermGen       total 30208K, used 29716K [0x0000000700000000, 0x0000000701d80000, 0x0000000705200000)
  object space 30208K, 98% used [0x0000000700000000,0x0000000701d05258,0x0000000701d80000)
}
Event: 8.590 GC heap before
{Heap before GC invocations=15 (full 1):
 PSYoungGen      total 1341440K, used 6348K [0x00000007ac600000, 0x00000007ffc00000, 0x0000000800000000)
  eden space 1319936K, 0% used [0x00000007ac600000,0x00000007ac600000,0x00000007fcf00000)
  from space 21504K, 29% used [0x00000007fe700000,0x00000007fed33148,0x00000007ffc00000)
  to   space 23040K, 0% used [0x00000007fcf00000,0x00000007fcf00000,0x00000007fe580000)
 ParOldGen       total 171008K, used 33404K [0x0000000705200000, 0x000000070f900000, 0x00000007ac600000)
  object space 171008K, 19% used [0x0000000705200000,0x000000070729f1f0,0x000000070f900000)
 PSPermGen       total 30208K, used 29716K [0x0000000700000000, 0x0000000701d80000, 0x0000000705200000)
  object space 30208K, 98% used [0x0000000700000000,0x0000000701d05258,0x0000000701d80000)
Event: 8.702 GC heap after
Heap after GC invocations=15 (full 1):
 PSYoungGen      total 1341440K, used 0K [0x00000007ac600000, 0x00000007ffc00000, 0x0000000800000000)
  eden space 1319936K, 0% used [0x00000007ac600000,0x00000007ac600000,0x00000007fcf00000)
  from space 21504K, 0% used [0x00000007fe700000,0x00000007fe700000,0x00000007ffc00000)
  to   space 23040K, 0% used [0x00000007fcf00000,0x00000007fcf00000,0x00000007fe580000)
 ParOldGen       total 171008K, used 27127K [0x0000000705200000, 0x000000070f900000, 0x00000007ac600000)
  object space 171008K, 15% used [0x0000000705200000,0x0000000706c7de10,0x000000070f900000)
 PSPermGen       total 59392K, used 29666K [0x0000000700000000, 0x0000000703a00000, 0x0000000705200000)
  object space 59392K, 49% used [0x0000000700000000,0x0000000701cf8a30,0x0000000703a00000)
}

Deoptimization events (10 events):
Event: 8.581 Thread 0x0000000002328000 Uncommon trap: reason=array_check action=maybe_recompile pc=0x0000000002a106b4 method=java.util.Arrays.fill([Ljava/lang/Object;Ljava/lang/Object;)V @ 13
Event: 8.581 Thread 0x0000000002328000 Uncommon trap: reason=array_check action=maybe_recompile pc=0x0000000002a106b4 method=java.util.Arrays.fill([Ljava/lang/Object;Ljava/lang/Object;)V @ 13
Event: 8.582 Thread 0x0000000002328000 Uncommon trap: reason=array_check action=maybe_recompile pc=0x0000000002a10bbc method=java.util.Arrays.fill([Ljava/lang/Object;Ljava/lang/Object;)V @ 13
Event: 8.582 Thread 0x0000000002328000 Uncommon trap: reason=array_check action=maybe_recompile pc=0x0000000002a106b4 method=java.util.Arrays.fill([Ljava/lang/Object;Ljava/lang/Object;)V @ 13
Event: 8.582 Thread 0x0000000002328000 Uncommon trap: reason=array_check action=maybe_recompile pc=0x0000000002a10bbc method=java.util.Arrays.fill([Ljava/lang/Object;Ljava/lang/Object;)V @ 13
Event: 8.582 Thread 0x0000000002328000 Uncommon trap: reason=class_check action=maybe_recompile pc=0x0000000002b55968 method=java.io.Writer.write(Ljava/lang/String;)V @ 7
Event: 8.583 Thread 0x0000000002328000 Uncommon trap: reason=class_check action=maybe_recompile pc=0x0000000002b55968 method=java.io.Writer.write(Ljava/lang/String;)V @ 7
Event: 8.583 Thread 0x0000000002328000 Uncommon trap: reason=class_check action=maybe_recompile pc=0x0000000002b55968 method=java.io.Writer.write(Ljava/lang/String;)V @ 7
Event: 8.583 Thread 0x0000000002328000 Uncommon trap: reason=class_check action=maybe_recompile pc=0x0000000002b55968 method=java.io.Writer.write(Ljava/lang/String;)V @ 7
Event: 8.704 Thread 0x000000000fa8f000 Uncommon trap: reason=unreached action=reinterpret pc=0x0000000002871910 method=java.lang.ref.Finalizer.remove()V @ 10

Internal exceptions (10 events):
Event: 8.456 Thread 0x0000000002328000 Threw 0x00000007bd06b4d8 at C:\re\jdk7u45\229\hotspot\src\share\vm\prims\jvm.cpp:1244
Event: 8.456 Thread 0x0000000002328000 Threw 0x00000007bd06bf10 at C:\re\jdk7u45\229\hotspot\src\share\vm\prims\jvm.cpp:1244
Event: 8.457 Thread 0x0000000002328000 Threw 0x00000007bd081cc8 at C:\re\jdk7u45\229\hotspot\src\share\vm\prims\jvm.cpp:1244
Event: 8.458 Thread 0x0000000002328000 Threw 0x00000007bd082728 at C:\re\jdk7u45\229\hotspot\src\share\vm\prims\jvm.cpp:1244
Event: 8.460 Thread 0x0000000002328000 Threw 0x00000007bd0af1f0 at C:\re\jdk7u45\229\hotspot\src\share\vm\prims\jvm.cpp:1244
Event: 8.460 Thread 0x0000000002328000 Threw 0x00000007bd0afcb0 at C:\re\jdk7u45\229\hotspot\src\share\vm\prims\jvm.cpp:1244
Event: 8.460 Thread 0x0000000002328000 Threw 0x00000007bd0b6898 at C:\re\jdk7u45\229\hotspot\src\share\vm\prims\jvm.cpp:1244
Event: 8.460 Thread 0x0000000002328000 Threw 0x00000007bd0b73b0 at C:\re\jdk7u45\229\hotspot\src\share\vm\prims\jvm.cpp:1244
Event: 8.580 Thread 0x0000000002328000 Threw 0x00000007c251c0c0 at C:\re\jdk7u45\229\hotspot\src\share\vm\prims\jvm.cpp:1244
Event: 8.580 Thread 0x0000000002328000 Threw 0x00000007c251ca98 at C:\re\jdk7u45\229\hotspot\src\share\vm\prims\jvm.cpp:1244

Events (10 events):
Event: 8.706 Executing VM operation: RevokeBias done
Event: 8.707 Executing VM operation: RevokeBias
Event: 8.707 Executing VM operation: RevokeBias done
Event: 8.707 Executing VM operation: RevokeBias
Event: 8.707 Executing VM operation: RevokeBias done
Event: 8.707 Executing VM operation: RevokeBias
Event: 8.707 Executing VM operation: RevokeBias done
Event: 8.707 Executing VM operation: RevokeBias
Event: 8.707 Executing VM operation: RevokeBias done
Event: 8.707 Executing VM operation: Exit


Dynamic libraries:
0x000000013fee0000 - 0x000000013ff13000 	C:\Program Files\Java\jdk1.7.0_45\bin\javaw.exe
0x0000000077ad0000 - 0x0000000077c79000 	C:\Windows\SYSTEM32\ntdll.dll
0x00000000778b0000 - 0x00000000779cf000 	C:\Windows\system32\kernel32.dll
0x000007fefda00000 - 0x000007fefda6c000 	C:\Windows\system32\KERNELBASE.dll
0x000007fefe7d0000 - 0x000007fefe8ab000 	C:\Windows\system32\ADVAPI32.dll
0x000007fefdde0000 - 0x000007fefde7f000 	C:\Windows\system32\msvcrt.dll
0x000007fefdc50000 - 0x000007fefdc6f000 	C:\Windows\SYSTEM32\sechost.dll
0x000007fefe260000 - 0x000007fefe38d000 	C:\Windows\system32\RPCRT4.dll
0x00000000779d0000 - 0x0000000077aca000 	C:\Windows\system32\USER32.dll
0x000007fefec70000 - 0x000007fefecd7000 	C:\Windows\system32\GDI32.dll
0x000007fefe4a0000 - 0x000007fefe4ae000 	C:\Windows\system32\LPK.dll
0x000007fefdc70000 - 0x000007fefdd39000 	C:\Windows\system32\USP10.dll
0x000007fefc1a0000 - 0x000007fefc394000 	C:\Windows\WinSxS\amd64_microsoft.windows.common-controls_6595b64144ccf1df_6.0.7601.17514_none_fa396087175ac9ac\COMCTL32.dll
0x000007fefdf70000 - 0x000007fefdfe1000 	C:\Windows\system32\SHLWAPI.dll
0x000007fefdff0000 - 0x000007fefe01e000 	C:\Windows\system32\IMM32.DLL
0x000007fefe390000 - 0x000007fefe499000 	C:\Windows\system32\MSCTF.dll
0x00000000605b0000 - 0x0000000060682000 	C:\Program Files\Java\jdk1.7.0_45\jre\bin\msvcr100.dll
0x0000000052a30000 - 0x00000000531f9000 	C:\Program Files\Java\jdk1.7.0_45\jre\bin\server\jvm.dll
0x000007fef8d50000 - 0x000007fef8d59000 	C:\Windows\system32\WSOCK32.dll
0x000007fefe780000 - 0x000007fefe7cd000 	C:\Windows\system32\WS2_32.dll
0x000007fefde80000 - 0x000007fefde88000 	C:\Windows\system32\NSI.dll
0x000007fefa5a0000 - 0x000007fefa5db000 	C:\Windows\system32\WINMM.dll
0x0000000077c90000 - 0x0000000077c97000 	C:\Windows\system32\PSAPI.DLL
0x0000000072a50000 - 0x0000000072a5f000 	C:\Program Files\Java\jdk1.7.0_45\jre\bin\verify.dll
0x000000006f180000 - 0x000000006f1a8000 	C:\Program Files\Java\jdk1.7.0_45\jre\bin\java.dll
0x0000000060570000 - 0x00000000605a5000 	C:\Program Files\Java\jdk1.7.0_45\jre\bin\jdwp.dll
0x0000000072180000 - 0x0000000072188000 	C:\Program Files\Java\jdk1.7.0_45\jre\bin\npt.dll
0x000000006f160000 - 0x000000006f175000 	C:\Program Files\Java\jdk1.7.0_45\jre\bin\zip.dll
0x000000006f110000 - 0x000000006f119000 	C:\Program Files\Java\jdk1.7.0_45\jre\bin\dt_socket.dll
0x000007fefa730000 - 0x000007fefa745000 	C:\Windows\system32\NLAapi.dll
0x000007fef8d90000 - 0x000007fef8da5000 	C:\Windows\system32\napinsp.dll
0x000007fef8db0000 - 0x000007fef8dc9000 	C:\Windows\system32\pnrpnsp.dll
0x000007fefd070000 - 0x000007fefd0c5000 	C:\Windows\System32\mswsock.dll
0x000007fefceb0000 - 0x000007fefcf0b000 	C:\Windows\system32\DNSAPI.dll
0x000007fef8d80000 - 0x000007fef8d8b000 	C:\Windows\System32\winrnr.dll
0x000007fefa0b0000 - 0x000007fefa0d7000 	C:\Windows\system32\IPHLPAPI.DLL
0x000007fefa0a0000 - 0x000007fefa0ab000 	C:\Windows\system32\WINNSI.DLL
0x000007fef9d80000 - 0x000007fef9dd3000 	C:\Windows\System32\fwpuclnt.dll
0x000007fef9460000 - 0x000007fef9468000 	C:\Windows\system32\rasadhlp.dll
0x000007fefca40000 - 0x000007fefca47000 	C:\Windows\System32\wshtcpip.dll
0x000000006f140000 - 0x000000006f159000 	C:\Program Files\Java\jdk1.7.0_45\jre\bin\net.dll
0x000007fefd060000 - 0x000007fefd067000 	C:\Windows\System32\wship6.dll
0x000000006f120000 - 0x000000006f131000 	C:\Program Files\Java\jdk1.7.0_45\jre\bin\nio.dll
0x000007fefd6d0000 - 0x000007fefd727000 	C:\Windows\system32\apphelp.dll
0x000007fefd0d0000 - 0x000007fefd0e7000 	C:\Windows\system32\CRYPTSP.dll
0x000007fefcd90000 - 0x000007fefcdd7000 	C:\Windows\system32\rsaenh.dll
0x000007fefd910000 - 0x000007fefd92e000 	C:\Windows\system32\USERENV.dll
0x000007fefd890000 - 0x000007fefd89f000 	C:\Windows\system32\profapi.dll
0x000007fefd730000 - 0x000007fefd73f000 	C:\Windows\system32\CRYPTBASE.dll
0x000007fef8c20000 - 0x000007fef8d45000 	C:\Windows\system32\dbghelp.dll

VM Arguments:
jvm_args: -agentlib:jdwp=transport=dt_socket,suspend=y,address=localhost:52796 -Dmaven.home=EMBEDDED -Dclassworlds.conf=D:\workspace\.metadata\.plugins\org.eclipse.m2e.launching\launches\m2conf2781192253671174373.tmp -Dmaven.bootclasspath=/D:/eclipse/configuration/org.eclipse.osgi/bundles/262/1/.cp/jars/plexus-classworlds-2.4.jar -Dfile.encoding=MS949 
java_command: org.codehaus.plexus.classworlds.launcher.Launcher -B install
Launcher Type: SUN_STANDARD

Environment Variables:
JAVA_HOME=.;C:\Program Files\Java\jdk1.7.0_45\
CLASSPATH=.;C:\Program Files (x86)\Java
PATH=C:\Program Files\Java\jdk1.7.0_45\jre\bin;C:/Program Files/Java/jdk1.7.0_45/bin/../jre/bin/server;C:/Program Files/Java/jdk1.7.0_45/bin/../jre/bin;C:/Program Files/Java/jdk1.7.0_45/bin/../jre/lib/amd64;.;C:\Program Files\Java\jdk1.7.0_45\bin;C:\Python34;C:\apache-maven-3.1.1;;D:\eclipse;
USERNAME=kyun
OS=Windows_NT
PROCESSOR_IDENTIFIER=Intel64 Family 6 Model 60 Stepping 3, GenuineIntel



---------------  S Y S T E M  ---------------

OS: Windows 7 , 64 bit Build 7601 Service Pack 1

CPU:total 8 (4 cores per cpu, 2 threads per core) family 6 model 60 stepping 3, cmov, cx8, fxsr, mmx, sse, sse2, sse3, ssse3, sse4.1, sse4.2, popcnt, avx, avx2, aes, erms, ht, tsc, tscinvbit

Memory: 4k page, physical 16433492k(7578140k free), swap 32865120k(18993480k free)

vm_info: Java HotSpot(TM) 64-Bit Server VM (24.45-b08) for windows-amd64 JRE (1.7.0_45-b18), built on Oct  8 2013 05:47:22 by "java_re" with unknown MS VC++:1600

time: Wed Dec 17 15:09:38 2014
elapsed time: 8 seconds

